2016-07-11 13:44:51 903 [SendHeartbeat] ##0108QN=1234567890;ST=91;PW=123456;MN=72000072;CN=9021;CmdFlag=1;CP=&&VER=720:VER1.1 2016-06-11 01:12:59;Mode=1&&6577
2016-07-11 13:44:52 029 [ReceiveMessage] ##0073ST=91;CN=9022;PW=12345;MN=72000072;CmdFlag=0;CP=&&QN=1234567890;Logon=1&&65CA
##0088QN=20160711134416051;ST=32;CN=1012;PW=123456;MN=72000072;CmdFlag=1;CP=&&20160711134416&&7ECE

2016-07-11 13:44:52 044 [ResponseMessage] ##0074QN=20160711134416051;ST=32;CN=1012;PW=123456;MN=72000072;CmdFlag=0;CP=&&&&57BE
2016-07-11 13:45:06 279 [ReceiveMessage] ##0506QN=00000000000000253;ST=32;CN=9015;PW=123456;MN=72000072;CmdFlag=1;CP=&&VER=20160711131433&[{"SysVer":"ZY-720-A-2G","SysDate":"20160711131433","SysKv":"0.3125","SysBv":"-1.25","SysKi":"1","SysBi":"0","SysDevWM":"1","SysDevJGMode":"30","SysAlarmIn":"1","SysAlarmLD":"1","SysAlarmOut1":"30","SysRs485WM":"1","SysRs485BR":"19200","SysRs485XYJG":"20","SysRs232WM":"0","SysRs232BR":"9600"},{"SysDevJG":"30,60"},{"SysAlarmOut2":"0100-0110|0200-0210|0400-0410"},{"SysAlarmOut3":"0100-0110|0200-0210|0400-0410"}]&&2EEE

2016-07-11 13:45:06 282 [ResponseMessage] ##0074QN=00000000000000253;ST=32;CN=9015;PW=123456;MN=72000072;CmdFlag=0;CP=&&&&C324
2016-07-11 13:45:16 839 [ReceiveMessage] ##0074QN=00000000000000254;ST=32;CN=9013;PW=123456;MN=72000072;CmdFlag=1;CP=&&&&8D18

2016-07-11 13:45:16 841 [ResponseMessage] ##0092QN=00000000000000254;ST=32;CN=9013;PW=123456;MN=72000072;CmdFlag=0;CP=&&VER=20160711131433&&0E76
2016-07-11 13:45:27 398 [ReceiveMessage] ##0074QN=00000000000000255;ST=32;CN=9014;PW=123456;MN=72000072;CmdFlag=1;CP=&&&&3650

2016-07-11 13:45:27 402 [ResponseMessage] ##0506QN=00000000000000255;ST=32;CN=9014;PW=123456;MN=72000072;CmdFlag=0;CP=&&VER=20160711131433&[{"SysVer":"ZY-720-A-2G","SysDate":"20160711131433","SysKv":"0.3125","SysBv":"-1.25","SysKi":"1","SysBi":"0","SysDevWM":"1","SysDevJGMode":"30","SysAlarmIn":"1","SysAlarmLD":"1","SysAlarmOut1":"30","SysRs485WM":"1","SysRs485BR":"19200","SysRs485XYJG":"20","SysRs232WM":"0","SysRs232BR":"9600"},{"SysDevJG":"30,60"},{"SysAlarmOut2":"0100-0110|0200-0210|0400-0410"},{"SysAlarmOut3":"0100-0110|0200-0210|0400-0410"}]&&0060
2016-07-11 13:45:31 892 [SendHeartbeat] ##0115QN=20160711134531884;ST=91;PW=123456;MN=72000072;CN=9021;CmdFlag=1;CP=&&VER=720:VER1.1 2016-06-11 01:12:59;Mode=1&&9627
2016-07-11 13:45:31 928 [ReceiveMessage] ##0080ST=91;CN=9022;PW=12345;MN=72000072;CmdFlag=0;CP=&&QN=20160711134531884;Logon=1&&B148

2016-07-11 13:46:08 009 [ReceiveMessage] ##0074QN=00000000000000256;ST=32;CN=9016;PW=123456;MN=72000072;CmdFlag=1;CP=&&&&C5E6

2016-07-11 13:46:08 015 [ResponseMessage] ##0074QN=00000000000000256;ST=32;CN=9016;PW=123456;MN=72000072;CmdFlag=0;CP=&&&&C876
2016-07-11 13:46:11 899 [SendHeartbeat] ##0115QN=20160711134611898;ST=91;PW=123456;MN=72000072;CN=9021;CmdFlag=1;CP=&&VER=720:VER1.1 2016-06-11 01:12:59;Mode=1&&3E64
2016-07-11 13:46:11 927 [ReceiveMessage] ##0080ST=91;CN=9022;PW=12345;MN=72000072;CmdFlag=0;CP=&&QN=20160711134611898;Logon=1&&B12B

2016-07-11 13:46:51 917 [SendHeartbeat] ##0115QN=20160711134651912;ST=91;PW=123456;MN=72000072;CN=9021;CmdFlag=1;CP=&&VER=720:VER1.1 2016-06-11 01:12:59;Mode=1&&8677
2016-07-11 13:46:51 940 [ReceiveMessage] ##0080ST=91;CN=9022;PW=12345;MN=72000072;CmdFlag=0;CP=&&QN=20160711134651912;Logon=1&&77AE

2016-07-11 13:47:31 929 [SendHeartbeat] ##0115QN=20160711134731926;ST=91;PW=123456;MN=72000072;CN=9021;CmdFlag=1;CP=&&VER=720:VER1.1 2016-06-11 01:12:59;Mode=1&&E033
2016-07-11 13:47:31 953 [ReceiveMessage] ##0080ST=91;CN=9022;PW=12345;MN=72000072;CmdFlag=0;CP=&&QN=20160711134731926;Logon=1&&2108

2016-07-11 13:47:38 705 [ReceiveMessage] ##0088QN=00000000000000257;ST=32;CN=1012;PW=123456;MN=72000072;CmdFlag=1;CP=&&20160711134700&&E6DA

2016-07-11 13:47:38 707 [ResponseMessage] ##0074QN=00000000000000257;ST=32;CN=1012;PW=123456;MN=72000072;CmdFlag=0;CP=&&&&7677
2016-07-11 13:48:11 945 [SendHeartbeat] ##0115QN=20160711134811941;ST=91;PW=123456;MN=72000072;CN=9021;CmdFlag=1;CP=&&VER=720:VER1.1 2016-06-11 01:12:59;Mode=1&&3ADF
2016-07-11 13:48:11 968 [ReceiveMessage] ##0080ST=91;CN=9022;PW=12345;MN=72000072;CmdFlag=0;CP=&&QN=20160711134811941;Logon=1&&F481

2016-07-11 13:48:51 960 [SendHeartbeat] ##0115QN=20160711134851955;ST=91;PW=123456;MN=72000072;CN=9021;CmdFlag=1;CP=&&VER=720:VER1.1 2016-06-11 01:12:59;Mode=1&&2742
2016-07-11 13:48:51 989 [ReceiveMessage] ##0080ST=91;CN=9022;PW=12345;MN=72000072;CmdFlag=0;CP=&&QN=20160711134851955;Logon=1&&1871

2016-07-11 13:49:31 973 [SendHeartbeat] ##0115QN=20160711134931969;ST=91;PW=123456;MN=72000072;CN=9021;CmdFlag=1;CP=&&VER=720:VER1.1 2016-06-11 01:12:59;Mode=1&&201D
2016-07-11 13:49:31 998 [ReceiveMessage] ##0080ST=91;CN=9022;PW=12345;MN=72000072;CmdFlag=0;CP=&&QN=20160711134931969;Logon=1&&64B7

2016-07-11 13:49:54 434 [ReceiveMessage] ##0089QN=00000000000000259;ST=32;CN=9018;PW=123456;MN=72000072;CmdFlag=1;CP=&&31=01030000F1D8&&6DC7

2016-07-11 13:49:54 450 [ResponseMessage] ##0074QN=00000000000000259;ST=32;CN=9018;PW=123456;MN=72000072;CmdFlag=0;CP=&&&&EBEF
2016-07-11 13:50:11 987 [SendHeartbeat] ##0115QN=20160711135011987;ST=91;PW=123456;MN=72000072;CN=9021;CmdFlag=1;CP=&&VER=720:VER1.1 2016-06-11 01:12:59;Mode=1&&329A
2016-07-11 13:50:12 002 [ReceiveMessage] ##0080ST=91;CN=9022;PW=12345;MN=72000072;CmdFlag=0;CP=&&QN=20160711135011987;Logon=1&&AC4F

2016-07-11 13:50:52 005 [SendHeartbeat] ##0115QN=20160711135052005;ST=91;PW=123456;MN=72000072;CN=9021;CmdFlag=1;CP=&&VER=720:VER1.1 2016-06-11 01:12:59;Mode=1&&DF7F
2016-07-11 13:50:52 020 [ReceiveMessage] ##0080ST=91;CN=9022;PW=12345;MN=72000072;CmdFlag=0;CP=&&QN=20160711135052005;Logon=1&&5CE1

2016-07-11 13:51:32 016 [SendHeartbeat] ##0115QN=20160711135132016;ST=91;PW=123456;MN=72000072;CN=9021;CmdFlag=1;CP=&&VER=720:VER1.1 2016-06-11 01:12:59;Mode=1&&8B21
2016-07-11 13:51:32 031 [ReceiveMessage] ##0080ST=91;CN=9022;PW=12345;MN=72000072;CmdFlag=0;CP=&&QN=20160711135132016;Logon=1&&E9F4

2016-07-11 13:52:12 035 [SendHeartbeat] ##0115QN=20160711135212035;ST=91;PW=123456;MN=72000072;CN=9021;CmdFlag=1;CP=&&VER=720:VER1.1 2016-06-11 01:12:59;Mode=1&&6A8E
2016-07-11 13:52:12 051 [ReceiveMessage] ##0080ST=91;CN=9022;PW=12345;MN=72000072;CmdFlag=0;CP=&&QN=20160711135212035;Logon=1&&DD87

2016-07-11 13:52:52 044 [SendHeartbeat] ##0115QN=20160711135252041;ST=91;PW=123456;MN=72000072;CN=9021;CmdFlag=1;CP=&&VER=720:VER1.1 2016-06-11 01:12:59;Mode=1&&2DFD
2016-07-11 13:52:52 081 [ReceiveMessage] ##0080ST=91;CN=9022;PW=12345;MN=72000072;CmdFlag=0;CP=&&QN=20160711135252041;Logon=1&&397F

2016-07-11 13:53:32 063 [SendHeartbeat] ##0115QN=20160711135332063;ST=91;PW=123456;MN=72000072;CN=9021;CmdFlag=1;CP=&&VER=720:VER1.1 2016-06-11 01:12:59;Mode=1&&390F
2016-07-11 13:53:32 094 [ReceiveMessage] ##0080ST=91;CN=9022;PW=12345;MN=72000072;CmdFlag=0;CP=&&QN=20160711135332063;Logon=1&&8C92

2016-07-11 13:54:12 076 [SendHeartbeat] ##0115QN=20160711135412076;ST=91;PW=123456;MN=72000072;CN=9021;CmdFlag=1;CP=&&VER=720:VER1.1 2016-06-11 01:12:59;Mode=1&&C13A
2016-07-11 13:54:12 108 [ReceiveMessage] ##0080ST=91;CN=9022;PW=12345;MN=72000072;CmdFlag=0;CP=&&QN=20160711135412076;Logon=1&&A0AE

2016-07-11 13:54:52 086 [SendHeartbeat] ##0115QN=20160711135452083;ST=91;PW=123456;MN=72000072;CN=9021;CmdFlag=1;CP=&&VER=720:VER1.1 2016-06-11 01:12:59;Mode=1&&317A
2016-07-11 13:54:52 112 [ReceiveMessage] ##0080ST=91;CN=9022;PW=12345;MN=72000072;CmdFlag=0;CP=&&QN=20160711135452083;Logon=1&&A175

2016-07-11 13:55:32 098 [SendHeartbeat] ##0115QN=20160711135532098;ST=91;PW=123456;MN=72000072;CN=9021;CmdFlag=1;CP=&&VER=720:VER1.1 2016-06-11 01:12:59;Mode=1&&043F
2016-07-11 13:55:32 114 [ReceiveMessage] ##0080ST=91;CN=9022;PW=12345;MN=72000072;CmdFlag=0;CP=&&QN=20160711135532098;Logon=1&&3E00

2016-07-11 13:56:12 121 [SendHeartbeat] ##0115QN=20160711135612121;ST=91;PW=123456;MN=72000072;CN=9021;CmdFlag=1;CP=&&VER=720:VER1.1 2016-06-11 01:12:59;Mode=1&&F1B3
2016-07-11 13:56:12 137 [ReceiveMessage] ##0080ST=91;CN=9022;PW=12345;MN=72000072;CmdFlag=0;CP=&&QN=20160711135612121;Logon=1&&3536

2016-07-11 13:56:52 136 [SendHeartbeat] ##0115QN=20160711135652136;ST=91;PW=123456;MN=72000072;CN=9021;CmdFlag=1;CP=&&VER=720:VER1.1 2016-06-11 01:12:59;Mode=1&&5803
2016-07-11 13:56:52 152 [ReceiveMessage] ##0080ST=91;CN=9022;PW=12345;MN=72000072;CmdFlag=0;CP=&&QN=20160711135652136;Logon=1&&D682

2016-07-11 13:57:32 146 [SendHeartbeat] ##0115QN=20160711135732146;ST=91;PW=123456;MN=72000072;CN=9021;CmdFlag=1;CP=&&VER=720:VER1.1 2016-06-11 01:12:59;Mode=1&&E29E
2016-07-11 13:57:32 161 [ReceiveMessage] ##0080ST=91;CN=9022;PW=12345;MN=72000072;CmdFlag=0;CP=&&QN=20160711135732146;Logon=1&&64DB

2016-07-11 13:58:12 168 [SendHeartbeat] ##0115QN=20160711135812168;ST=91;PW=123456;MN=72000072;CN=9021;CmdFlag=1;CP=&&VER=720:VER1.1 2016-06-11 01:12:59;Mode=1&&59C6
2016-07-11 13:58:12 195 [ReceiveMessage] ##0080ST=91;CN=9022;PW=12345;MN=72000072;CmdFlag=0;CP=&&QN=20160711135812168;Logon=1&&6E01

2016-07-11 14:02:38 001 [SendHeartbeat] ##0108QN=1234567890;ST=91;PW=123456;MN=72000072;CN=9021;CmdFlag=1;CP=&&VER=720:VER1.1 2016-06-11 01:12:59;Mode=1&&6577
2016-07-11 14:02:38 034 [ReceiveMessage] ##0073ST=91;CN=9022;PW=12345;MN=72000072;CmdFlag=0;CP=&&QN=1234567890;Logon=1&&65CA

2016-07-11 14:02:38 047 [ReceiveMessage] ##0088QN=20160711140238034;ST=32;CN=1012;PW=123456;MN=72000072;CmdFlag=1;CP=&&20160711140238&&1B15

2016-07-11 14:02:38 049 [ResponseMessage] ##0074QN=20160711140238034;ST=32;CN=1012;PW=123456;MN=72000072;CmdFlag=0;CP=&&&&08C5
2016-07-11 14:02:43 811 [SendHeartbeat] ##0115QN=20160711140243809;ST=91;PW=123456;MN=72000072;CN=9021;CmdFlag=1;CP=&&VER=720:VER1.1 2016-06-11 01:12:59;Mode=1&&7FE4
2016-07-11 14:02:43 818 [ReceiveMessage] ##0080ST=91;CN=9022;PW=12345;MN=72000072;CmdFlag=0;CP=&&QN=20160711140243809;Logon=1&&9E7D

2016-07-11 14:02:48 174 [SendHeartbeat] ##0115QN=20160711140248159;ST=91;PW=123456;MN=72000072;CN=9021;CmdFlag=1;CP=&&VER=720:VER1.1 2016-06-11 01:12:59;Mode=1&&0B75
2016-07-11 14:02:48 243 [ReceiveMessage] ##0080ST=91;CN=9022;PW=12345;MN=72000072;CmdFlag=0;CP=&&QN=20160711140248159;Logon=1&&8573
##0088QN=20160711140212282;ST=32;CN=1012;PW=123456;MN=72000072;CmdFlag=1;CP=&&20160711140212&&D303

2016-07-11 14:02:48 258 [ResponseMessage] ##0074QN=20160711140212282;ST=32;CN=1012;PW=123456;MN=72000072;CmdFlag=0;CP=&&&&E6C7
2016-07-11 14:03:03 549 [SendHeartbeat] ##0115QN=20160711140303546;ST=91;PW=123456;MN=72000072;CN=9021;CmdFlag=1;CP=&&VER=720:VER1.1 2016-06-11 01:12:59;Mode=1&&E746
2016-07-11 14:03:03 564 [ReceiveMessage] ##0080ST=91;CN=9022;PW=12345;MN=72000072;CmdFlag=0;CP=&&QN=20160711140303546;Logon=1&&8978

2016-07-11 14:03:13 542 [SendHeartbeat] ##0115QN=20160711140313542;ST=91;PW=123456;MN=72000072;CN=9021;CmdFlag=1;CP=&&VER=720:VER1.1 2016-06-11 01:12:59;Mode=1&&3A7C
2016-07-11 14:03:13 573 [ReceiveMessage] ##0080ST=91;CN=9022;PW=12345;MN=72000072;CmdFlag=0;CP=&&QN=20160711140313542;Logon=1&&5D48

2016-07-11 14:03:23 538 [SendHeartbeat] ##0115QN=20160711140323538;ST=91;PW=123456;MN=72000072;CN=9021;CmdFlag=1;CP=&&VER=720:VER1.1 2016-06-11 01:12:59;Mode=1&&756B
2016-07-11 14:03:23 570 [ReceiveMessage] ##0080ST=91;CN=9022;PW=12345;MN=72000072;CmdFlag=0;CP=&&QN=20160711140323538;Logon=1&&CA5A

2016-07-11 14:03:33 561 [SendHeartbeat] ##0115QN=20160711140333561;ST=91;PW=123456;MN=72000072;CN=9021;CmdFlag=1;CP=&&VER=720:VER1.1 2016-06-11 01:12:59;Mode=1&&62A5
2016-07-11 14:03:33 597 [ReceiveMessage] ##0080ST=91;CN=9022;PW=12345;MN=72000072;CmdFlag=0;CP=&&QN=20160711140333561;Logon=1&&29CA

2016-07-11 14:03:43 762 [SendHeartbeat] ##0115QN=20160711140343762;ST=91;PW=123456;MN=72000072;CN=9021;CmdFlag=1;CP=&&VER=720:VER1.1 2016-06-11 01:12:59;Mode=1&&0C7A
2016-07-11 14:03:43 815 [ReceiveMessage] ##0080ST=91;CN=9022;PW=12345;MN=72000072;CmdFlag=0;CP=&&QN=20160711140343762;Logon=1&&66CE

2016-07-11 14:03:53 563 [SendHeartbeat] ##0115QN=20160711140353563;ST=91;PW=123456;MN=72000072;CN=9021;CmdFlag=1;CP=&&VER=720:VER1.1 2016-06-11 01:12:59;Mode=1&&D6E0
2016-07-11 14:03:53 594 [ReceiveMessage] ##0080ST=91;CN=9022;PW=12345;MN=72000072;CmdFlag=0;CP=&&QN=20160711140353563;Logon=1&&A470

2016-07-11 14:04:03 584 [SendHeartbeat] ##0115QN=20160711140403584;ST=91;PW=123456;MN=72000072;CN=9021;CmdFlag=1;CP=&&VER=720:VER1.1 2016-06-11 01:12:59;Mode=1&&6CEC
2016-07-11 14:04:03 619 [ReceiveMessage] ##0080ST=91;CN=9022;PW=12345;MN=72000072;CmdFlag=0;CP=&&QN=20160711140403584;Logon=1&&D0E2

2016-07-11 14:04:13 602 [SendHeartbeat] ##0115QN=20160711140413592;ST=91;PW=123456;MN=72000072;CN=9021;CmdFlag=1;CP=&&VER=720:VER1.1 2016-06-11 01:12:59;Mode=1&&72CD
2016-07-11 14:04:13 636 [ReceiveMessage] ##0080ST=91;CN=9022;PW=12345;MN=72000072;CmdFlag=0;CP=&&QN=20160711140413592;Logon=1&&F2A9

2016-07-11 14:04:23 146 [SendHeartbeat] ##0115QN=20160711140423144;ST=91;PW=123456;MN=72000072;CN=9021;CmdFlag=1;CP=&&VER=720:VER1.1 2016-06-11 01:12:59;Mode=1&&B5F3
2016-07-11 14:04:23 153 [ReceiveMessage] ##0080ST=91;CN=9022;PW=12345;MN=72000072;CmdFlag=0;CP=&&QN=20160711140423144;Logon=1&&4C77

2016-07-11 14:04:23 156 [ReceiveMessage] ##0088QN=20160711140423149;ST=32;CN=1012;PW=123456;MN=72000072;CmdFlag=1;CP=&&20160711140423&&CCA5

2016-07-11 14:04:23 160 [ResponseMessage] ##0074QN=20160711140423149;ST=32;CN=1012;PW=123456;MN=72000072;CmdFlag=0;CP=&&&&CA48
2016-07-11 14:04:23 604 [SendHeartbeat] ##0115QN=20160711140423604;ST=91;PW=123456;MN=72000072;CN=9021;CmdFlag=1;CP=&&VER=720:VER1.1 2016-06-11 01:12:59;Mode=1&&DA77
2016-07-11 14:04:23 604 [ReceiveMessage] ##0080ST=91;CN=9022;PW=12345;MN=72000072;CmdFlag=0;CP=&&QN=20160711140423604;Logon=1&&B6FF

2016-07-11 14:04:33 605 [SendHeartbeat] ##0115QN=20160711140433595;ST=91;PW=123456;MN=72000072;CN=9021;CmdFlag=1;CP=&&VER=720:VER1.1 2016-06-11 01:12:59;Mode=1&&AC23
2016-07-11 14:04:33 628 [ReceiveMessage] ##0080ST=91;CN=9022;PW=12345;MN=72000072;CmdFlag=0;CP=&&QN=20160711140433595;Logon=1&&6ADC

2016-07-11 14:04:43 616 [SendHeartbeat] ##0115QN=20160711140443614;ST=91;PW=123456;MN=72000072;CN=9021;CmdFlag=1;CP=&&VER=720:VER1.1 2016-06-11 01:12:59;Mode=1&&AD29
2016-07-11 14:04:43 621 [ReceiveMessage] ##0080ST=91;CN=9022;PW=12345;MN=72000072;CmdFlag=0;CP=&&QN=20160711140443614;Logon=1&&CD3E

2016-07-11 14:04:53 619 [SendHeartbeat] ##0115QN=20160711140453619;ST=91;PW=123456;MN=72000072;CN=9021;CmdFlag=1;CP=&&VER=720:VER1.1 2016-06-11 01:12:59;Mode=1&&7CD3
2016-07-11 14:04:53 619 [ReceiveMessage] ##0080ST=91;CN=9022;PW=12345;MN=72000072;CmdFlag=0;CP=&&QN=20160711140453619;Logon=1&&3792

2016-07-11 14:05:03 628 [SendHeartbeat] ##0115QN=20160711140503623;ST=91;PW=123456;MN=72000072;CN=9021;CmdFlag=1;CP=&&VER=720:VER1.1 2016-06-11 01:12:59;Mode=1&&A42E
2016-07-11 14:05:03 640 [ReceiveMessage] ##0080ST=91;CN=9022;PW=12345;MN=72000072;CmdFlag=0;CP=&&QN=20160711140503623;Logon=1&&16DD

2016-07-11 14:05:13 635 [SendHeartbeat] ##0115QN=20160711140513635;ST=91;PW=123456;MN=72000072;CN=9021;CmdFlag=1;CP=&&VER=720:VER1.1 2016-06-11 01:12:59;Mode=1&&BA0F
2016-07-11 14:05:13 650 [ReceiveMessage] ##0080ST=91;CN=9022;PW=12345;MN=72000072;CmdFlag=0;CP=&&QN=20160711140513635;Logon=1&&3496

2016-07-11 14:05:23 652 [SendHeartbeat] ##0115QN=20160711140523652;ST=91;PW=123456;MN=72000072;CN=9021;CmdFlag=1;CP=&&VER=720:VER1.1 2016-06-11 01:12:59;Mode=1&&5298
2016-07-11 14:05:23 667 [ReceiveMessage] ##0080ST=91;CN=9022;PW=12345;MN=72000072;CmdFlag=0;CP=&&QN=20160711140523652;Logon=1&&65EB

2016-07-11 14:05:33 656 [SendHeartbeat] ##0115QN=20160711140533653;ST=91;PW=123456;MN=72000072;CN=9021;CmdFlag=1;CP=&&VER=720:VER1.1 2016-06-11 01:12:59;Mode=1&&53D4
2016-07-11 14:05:33 664 [ReceiveMessage] ##0080ST=91;CN=9022;PW=12345;MN=72000072;CmdFlag=0;CP=&&QN=20160711140533653;Logon=1&&A017

2016-07-11 14:05:43 665 [SendHeartbeat] ##0115QN=20160711140543660;ST=91;PW=123456;MN=72000072;CN=9021;CmdFlag=1;CP=&&VER=720:VER1.1 2016-06-11 01:12:59;Mode=1&&CBAA
2016-07-11 14:05:43 675 [ReceiveMessage] ##0080ST=91;CN=9022;PW=12345;MN=72000072;CmdFlag=0;CP=&&QN=20160711140543660;Logon=1&&EC55

2016-07-11 14:05:53 673 [SendHeartbeat] ##0115QN=20160711140553668;ST=91;PW=123456;MN=72000072;CN=9021;CmdFlag=1;CP=&&VER=720:VER1.1 2016-06-11 01:12:59;Mode=1&&C626
2016-07-11 14:05:53 684 [ReceiveMessage] ##0080ST=91;CN=9022;PW=12345;MN=72000072;CmdFlag=0;CP=&&QN=20160711140553668;Logon=1&&0735

2016-07-11 14:06:03 682 [SendHeartbeat] ##0115QN=20160711140603682;ST=91;PW=123456;MN=72000072;CN=9021;CmdFlag=1;CP=&&VER=720:VER1.1 2016-06-11 01:12:59;Mode=1&&9DF1
2016-07-11 14:06:03 682 [ReceiveMessage] ##0080ST=91;CN=9022;PW=12345;MN=72000072;CmdFlag=0;CP=&&QN=20160711140603682;Logon=1&&4AC8

2016-07-11 14:06:13 685 [SendHeartbeat] ##0115QN=20160711140613685;ST=91;PW=123456;MN=72000072;CN=9021;CmdFlag=1;CP=&&VER=720:VER1.1 2016-06-11 01:12:59;Mode=1&&F4E6
2016-07-11 14:06:13 703 [ReceiveMessage] ##0080ST=91;CN=9022;PW=12345;MN=72000072;CmdFlag=0;CP=&&QN=20160711140613685;Logon=1&&91BC

2016-07-11 14:06:23 698 [SendHeartbeat] ##0115QN=20160711140623698;ST=91;PW=123456;MN=72000072;CN=9021;CmdFlag=1;CP=&&VER=720:VER1.1 2016-06-11 01:12:59;Mode=1&&E49F
2016-07-11 14:06:23 714 [ReceiveMessage] ##0080ST=91;CN=9022;PW=12345;MN=72000072;CmdFlag=0;CP=&&QN=20160711140623698;Logon=1&&14D2

2016-07-11 14:06:33 702 [SendHeartbeat] ##0115QN=20160711140633697;ST=91;PW=123456;MN=72000072;CN=9021;CmdFlag=1;CP=&&VER=720:VER1.1 2016-06-11 01:12:59;Mode=1&&EC93
2016-07-11 14:06:33 713 [ReceiveMessage] ##0080ST=91;CN=9022;PW=12345;MN=72000072;CmdFlag=0;CP=&&QN=20160711140633697;Logon=1&&E5C6

2016-07-11 14:06:43 703 [SendHeartbeat] ##0115QN=20160711140643703;ST=91;PW=123456;MN=72000072;CN=9021;CmdFlag=1;CP=&&VER=720:VER1.1 2016-06-11 01:12:59;Mode=1&&F0D4
2016-07-11 14:06:43 703 [ReceiveMessage] ##0080ST=91;CN=9022;PW=12345;MN=72000072;CmdFlag=0;CP=&&QN=20160711140643703;Logon=1&&A969

2016-07-11 14:06:53 714 [SendHeartbeat] ##0115QN=20160711140653713;ST=91;PW=123456;MN=72000072;CN=9021;CmdFlag=1;CP=&&VER=720:VER1.1 2016-06-11 01:12:59;Mode=1&&86AE
2016-07-11 14:06:53 718 [ReceiveMessage] ##0080ST=91;CN=9022;PW=12345;MN=72000072;CmdFlag=0;CP=&&QN=20160711140653713;Logon=1&&95AA

2016-07-11 14:07:03 728 [SendHeartbeat] ##0115QN=20160711140703728;ST=91;PW=123456;MN=72000072;CN=9021;CmdFlag=1;CP=&&VER=720:VER1.1 2016-06-11 01:12:59;Mode=1&&3388
2016-07-11 14:07:03 744 [ReceiveMessage] ##0080ST=91;CN=9022;PW=12345;MN=72000072;CmdFlag=0;CP=&&QN=20160711140703728;Logon=1&&B019

2016-07-11 14:07:13 742 [SendHeartbeat] ##0115QN=20160711140713742;ST=91;PW=123456;MN=72000072;CN=9021;CmdFlag=1;CP=&&VER=720:VER1.1 2016-06-11 01:12:59;Mode=1&&BD1C
2016-07-11 14:07:13 757 [ReceiveMessage] ##0080ST=91;CN=9022;PW=12345;MN=72000072;CmdFlag=0;CP=&&QN=20160711140713742;Logon=1&&58C9

2016-07-11 14:07:23 746 [SendHeartbeat] ##0115QN=20160711140723742;ST=91;PW=123456;MN=72000072;CN=9021;CmdFlag=1;CP=&&VER=720:VER1.1 2016-06-11 01:12:59;Mode=1&&0AE5
2016-07-11 14:07:23 757 [ReceiveMessage] ##0080ST=91;CN=9022;PW=12345;MN=72000072;CmdFlag=0;CP=&&QN=20160711140723742;Logon=1&&1BC8

2016-07-11 14:07:33 748 [SendHeartbeat] ##0115QN=20160711140733743;ST=91;PW=123456;MN=72000072;CN=9021;CmdFlag=1;CP=&&VER=720:VER1.1 2016-06-11 01:12:59;Mode=1&&0BA9
2016-07-11 14:07:33 763 [ReceiveMessage] ##0080ST=91;CN=9022;PW=12345;MN=72000072;CmdFlag=0;CP=&&QN=20160711140733743;Logon=1&&DE34

2016-07-11 14:07:43 762 [SendHeartbeat] ##0115QN=20160711140743758;ST=91;PW=123456;MN=72000072;CN=9021;CmdFlag=1;CP=&&VER=720:VER1.1 2016-06-11 01:12:59;Mode=1&&C556
2016-07-11 14:07:43 774 [ReceiveMessage] ##0080ST=91;CN=9022;PW=12345;MN=72000072;CmdFlag=0;CP=&&QN=20160711140743758;Logon=1&&41D1

2016-07-11 14:07:53 763 [SendHeartbeat] ##0115QN=20160711140753760;ST=91;PW=123456;MN=72000072;CN=9021;CmdFlag=1;CP=&&VER=720:VER1.1 2016-06-11 01:12:59;Mode=1&&E5AD
2016-07-11 14:07:53 783 [ReceiveMessage] ##0080ST=91;CN=9022;PW=12345;MN=72000072;CmdFlag=0;CP=&&QN=20160711140753760;Logon=1&&AEB5

2016-07-11 14:08:03 778 [SendHeartbeat] ##0115QN=20160711140803778;ST=91;PW=123456;MN=72000072;CN=9021;CmdFlag=1;CP=&&VER=720:VER1.1 2016-06-11 01:12:59;Mode=1&&1AFD
2016-07-11 14:08:03 794 [ReceiveMessage] ##0080ST=91;CN=9022;PW=12345;MN=72000072;CmdFlag=0;CP=&&QN=20160711140803778;Logon=1&&F9E1

2016-07-11 14:08:13 776 [SendHeartbeat] ##0115QN=20160711140813776;ST=91;PW=123456;MN=72000072;CN=9021;CmdFlag=1;CP=&&VER=720:VER1.1 2016-06-11 01:12:59;Mode=1&&7F2A
2016-07-11 14:08:13 791 [ReceiveMessage] ##0080ST=91;CN=9022;PW=12345;MN=72000072;CmdFlag=0;CP=&&QN=20160711140813776;Logon=1&&0C09

2016-07-11 14:08:23 790 [SendHeartbeat] ##0115QN=20160711140823788;ST=91;PW=123456;MN=72000072;CN=9021;CmdFlag=1;CP=&&VER=720:VER1.1 2016-06-11 01:12:59;Mode=1&&5B78
2016-07-11 14:08:23 795 [ReceiveMessage] ##0080ST=91;CN=9022;PW=12345;MN=72000072;CmdFlag=0;CP=&&QN=20160711140823788;Logon=1&&6FF4

2016-07-11 14:08:33 811 [SendHeartbeat] ##0115QN=20160711140833811;ST=91;PW=123456;MN=72000072;CN=9021;CmdFlag=1;CP=&&VER=720:VER1.1 2016-06-11 01:12:59;Mode=1&&9041
2016-07-11 14:08:33 843 [ReceiveMessage] ##0080ST=91;CN=9022;PW=12345;MN=72000072;CmdFlag=0;CP=&&QN=20160711140833811;Logon=1&&887B

2016-07-11 14:08:43 812 [SendHeartbeat] ##0115QN=20160711140843812;ST=91;PW=123456;MN=72000072;CN=9021;CmdFlag=1;CP=&&VER=720:VER1.1 2016-06-11 01:12:59;Mode=1&&2548
2016-07-11 14:08:43 828 [ReceiveMessage] ##0080ST=91;CN=9022;PW=12345;MN=72000072;CmdFlag=0;CP=&&QN=20160711140843812;Logon=1&&C03D

2016-07-11 14:09:43 469 [SendHeartbeat] ##0108QN=1234567890;ST=91;PW=123456;MN=72000072;CN=9021;CmdFlag=1;CP=&&VER=720:VER1.1 2016-06-11 01:12:59;Mode=1&&6577
2016-07-11 14:09:43 469 [ReceiveMessage] ##0073ST=91;CN=9022;PW=12345;MN=72000072;CmdFlag=0;CP=&&QN=1234567890;Logon=1&&65CA

2016-07-11 14:09:43 500 [ReceiveMessage] ##0088QN=20160711140943469;ST=32;CN=1012;PW=123456;MN=72000072;CmdFlag=1;CP=&&20160711140943&&E32E

2016-07-11 14:09:43 500 [ResponseMessage] ##0074QN=20160711140943469;ST=32;CN=1012;PW=123456;MN=72000072;CmdFlag=0;CP=&&&&1313
2016-07-11 14:09:53 454 [SendHeartbeat] ##0115QN=20160711140953454;ST=91;PW=123456;MN=72000072;CN=9021;CmdFlag=1;CP=&&VER=720:VER1.1 2016-06-11 01:12:59;Mode=1&&07AB
2016-07-11 14:09:53 470 [ReceiveMessage] ##0080ST=91;CN=9022;PW=12345;MN=72000072;CmdFlag=0;CP=&&QN=20160711140953454;Logon=1&&3E26

2016-07-11 14:10:07 086 [SendHeartbeat] ##0108QN=1234567890;ST=91;PW=123456;MN=72000072;CN=9021;CmdFlag=1;CP=&&VER=720:VER1.1 2016-06-11 01:12:59;Mode=1&&6577
2016-07-11 14:10:07 109 [ReceiveMessage] ##0073ST=91;CN=9022;PW=12345;MN=72000072;CmdFlag=0;CP=&&QN=1234567890;Logon=1&&65CA

2016-07-11 14:10:07 119 [ReceiveMessage] ##0088QN=20160711141007103;ST=32;CN=1012;PW=123456;MN=72000072;CmdFlag=1;CP=&&20160711141007&&B291

2016-07-11 14:10:07 119 [ResponseMessage] ##0074QN=20160711141007103;ST=32;CN=1012;PW=123456;MN=72000072;CmdFlag=0;CP=&&&&70AF
2016-07-11 14:10:47 061 [SendHeartbeat] ##0115QN=20160711141047061;ST=91;PW=123456;MN=72000072;CN=9021;CmdFlag=1;CP=&&VER=720:VER1.1 2016-06-11 01:12:59;Mode=1&&43C8
2016-07-11 14:10:47 076 [ReceiveMessage] ##0080ST=91;CN=9022;PW=12345;MN=72000072;CmdFlag=0;CP=&&QN=20160711141047061;Logon=1&&7668

2016-07-11 14:11:27 075 [SendHeartbeat] ##0115QN=20160711141127073;ST=91;PW=123456;MN=72000072;CN=9021;CmdFlag=1;CP=&&VER=720:VER1.1 2016-06-11 01:12:59;Mode=1&&7A4D
2016-07-11 14:11:27 081 [ReceiveMessage] ##0080ST=91;CN=9022;PW=12345;MN=72000072;CmdFlag=0;CP=&&QN=20160711141127073;Logon=1&&C781

2016-07-11 14:11:57 091 [SendHeartbeat] ##0115QN=20160711141157088;ST=91;PW=123456;MN=72000072;CN=9021;CmdFlag=1;CP=&&VER=720:VER1.1 2016-06-11 01:12:59;Mode=1&&34B4
2016-07-11 14:11:57 101 [ReceiveMessage] ##0080ST=91;CN=9022;PW=12345;MN=72000072;CmdFlag=0;CP=&&QN=20160711141157088;Logon=1&&B1B3

2016-07-11 14:12:27 105 [SendHeartbeat] ##0115QN=20160711141227102;ST=91;PW=123456;MN=72000072;CN=9021;CmdFlag=1;CP=&&VER=720:VER1.1 2016-06-11 01:12:59;Mode=1&&8228
2016-07-11 14:12:27 113 [ReceiveMessage] ##0080ST=91;CN=9022;PW=12345;MN=72000072;CmdFlag=0;CP=&&QN=20160711141227102;Logon=1&&74C6

2016-07-11 14:13:13 959 [SendHeartbeat] ##0108QN=1234567890;ST=91;PW=123456;MN=72000072;CN=9021;CmdFlag=1;CP=&&VER=720:VER1.1 2016-06-11 01:12:59;Mode=1&&6577
2016-07-11 14:13:13 959 [ReceiveMessage] ##0073ST=91;CN=9022;PW=12345;MN=72000072;CmdFlag=0;CP=&&QN=1234567890;Logon=1&&65CA

2016-07-11 14:13:13 981 [ReceiveMessage] ##0088QN=20160711141313959;ST=32;CN=1012;PW=123456;MN=72000072;CmdFlag=1;CP=&&20160711141313&&B5EF

2016-07-11 14:13:13 981 [ResponseMessage] ##0074QN=20160711141313959;ST=32;CN=1012;PW=123456;MN=72000072;CmdFlag=0;CP=&&&&C419
2016-07-11 14:13:16 050 [SendHeartbeat] ##0115QN=20160711141316048;ST=91;PW=123456;MN=72000072;CN=9021;CmdFlag=1;CP=&&VER=720:VER1.1 2016-06-11 01:12:59;Mode=1&&D083
2016-07-11 14:13:16 054 [ReceiveMessage] ##0080ST=91;CN=9022;PW=12345;MN=72000072;CmdFlag=0;CP=&&QN=20160711141316048;Logon=1&&2400

2016-07-11 14:16:40 599 [SendHeartbeat] ##0108QN=1234567890;ST=91;PW=123456;MN=72000072;CN=9021;CmdFlag=1;CP=&&VER=720:VER1.1 2016-06-11 01:12:59;Mode=1&&6577
2016-07-11 14:16:40 615 [ReceiveMessage] ##0073ST=91;CN=9022;PW=12345;MN=72000072;CmdFlag=0;CP=&&QN=1234567890;Logon=1&&65CA

2016-07-11 14:16:40 634 [ReceiveMessage] ##0088QN=20160711141640609;ST=32;CN=1012;PW=123456;MN=72000072;CmdFlag=1;CP=&&20160711141640&&AD4F

2016-07-11 14:16:40 639 [ResponseMessage] ##0074QN=20160711141640609;ST=32;CN=1012;PW=123456;MN=72000072;CmdFlag=0;CP=&&&&8031
2016-07-11 14:16:44 040 [SendHeartbeat] ##0115QN=20160711141644024;ST=91;PW=123456;MN=72000072;CN=9021;CmdFlag=1;CP=&&VER=720:VER1.1 2016-06-11 01:12:59;Mode=1&&DD51
2016-07-11 14:16:44 055 [ReceiveMessage] ##0080ST=91;CN=9022;PW=12345;MN=72000072;CmdFlag=0;CP=&&QN=20160711141644024;Logon=1&&16CA

2016-07-11 14:18:31 547 [SendHeartbeat] ##0108QN=1234567890;ST=91;PW=123456;MN=72000072;CN=9021;CmdFlag=1;CP=&&VER=720:VER1.1 2016-06-11 01:12:59;Mode=1&&6577
2016-07-11 14:18:31 570 [ReceiveMessage] ##0073ST=91;CN=9022;PW=12345;MN=72000072;CmdFlag=0;CP=&&QN=1234567890;Logon=1&&65CA

2016-07-11 14:18:31 586 [ReceiveMessage] ##0088QN=20160711141831567;ST=32;CN=1012;PW=123456;MN=72000072;CmdFlag=1;CP=&&20160711141831&&8C88

2016-07-11 14:18:31 590 [ResponseMessage] ##0074QN=20160711141831567;ST=32;CN=1012;PW=123456;MN=72000072;CmdFlag=0;CP=&&&&CD0E
2016-07-11 14:18:41 502 [SendHeartbeat] ##0108QN=1234567890;ST=91;PW=123456;MN=72000072;CN=9021;CmdFlag=1;CP=&&VER=720:VER1.1 2016-06-11 01:12:59;Mode=1&&6577
2016-07-11 14:18:41 510 [ReceiveMessage] ##0073ST=91;CN=9022;PW=12345;MN=72000072;CmdFlag=0;CP=&&QN=1234567890;Logon=1&&65CA

2016-07-11 14:18:41 526 [ReceiveMessage] ##0088QN=20160711141841506;ST=32;CN=1012;PW=123456;MN=72000072;CmdFlag=1;CP=&&20160711141841&&DD82

2016-07-11 14:18:41 530 [ResponseMessage] ##0074QN=20160711141841506;ST=32;CN=1012;PW=123456;MN=72000072;CmdFlag=0;CP=&&&&CFF3
2016-07-11 14:20:11 288 [SendHeartbeat] ##0108QN=1234567890;ST=91;PW=123456;MN=72000072;CN=9021;CmdFlag=1;CP=&&VER=720:VER1.1 2016-06-11 01:12:59;Mode=1&&6577
2016-07-11 14:20:11 288 [ReceiveMessage] ##0073ST=91;CN=9022;PW=12345;MN=72000072;CmdFlag=0;CP=&&QN=1234567890;Logon=1&&65CA

2016-07-11 14:20:11 303 [ReceiveMessage] ##0088QN=20160711142011288;ST=32;CN=1012;PW=123456;MN=72000072;CmdFlag=1;CP=&&20160711142011&&20BD

2016-07-11 14:20:11 319 [ResponseMessage] ##0074QN=20160711142011288;ST=32;CN=1012;PW=123456;MN=72000072;CmdFlag=0;CP=&&&&19A4
2016-07-11 14:21:15 410 [SendHeartbeat] ##0108QN=1234567890;ST=91;PW=123456;MN=72000072;CN=9021;CmdFlag=1;CP=&&VER=720:VER1.1 2016-06-11 01:12:59;Mode=1&&6577
2016-07-11 14:21:15 425 [ReceiveMessage] ##0073ST=91;CN=9022;PW=12345;MN=72000072;CmdFlag=0;CP=&&QN=1234567890;Logon=1&&65CA

2016-07-11 14:21:15 450 [ReceiveMessage] ##0088QN=20160711142115425;ST=32;CN=1012;PW=123456;MN=72000072;CmdFlag=1;CP=&&20160711142115&&0630

2016-07-11 14:21:15 454 [ResponseMessage] ##0074QN=20160711142115425;ST=32;CN=1012;PW=123456;MN=72000072;CmdFlag=0;CP=&&&&EBDA
2016-07-11 14:21:23 625 [SendHeartbeat] ##0115QN=20160711142123625;ST=91;PW=123456;MN=72000072;CN=9021;CmdFlag=1;CP=&&VER=720:VER1.1 2016-06-11 01:12:59;Mode=1&&90B1
2016-07-11 14:21:23 656 [ReceiveMessage] ##0080ST=91;CN=9022;PW=12345;MN=72000072;CmdFlag=0;CP=&&QN=20160711142123625;Logon=1&&29F7

2016-07-11 14:21:23 672 [ReceiveMessage] ##0088QN=20160711142123641;ST=32;CN=1012;PW=123456;MN=72000072;CmdFlag=1;CP=&&20160711142123&&CB08

2016-07-11 14:21:23 672 [ResponseMessage] ##0074QN=20160711142123641;ST=32;CN=1012;PW=123456;MN=72000072;CmdFlag=0;CP=&&&&DC11
2016-07-11 14:22:03 750 [SendHeartbeat] ##0115QN=20160711142203733;ST=91;PW=123456;MN=72000072;CN=9021;CmdFlag=1;CP=&&VER=720:VER1.1 2016-06-11 01:12:59;Mode=1&&ECD4
2016-07-11 14:22:03 766 [ReceiveMessage] ##0080ST=91;CN=9022;PW=12345;MN=72000072;CmdFlag=0;CP=&&QN=20160711142203733;Logon=1&&0ACD

2016-07-11 14:22:43 750 [SendHeartbeat] ##0115QN=20160711142243743;ST=91;PW=123456;MN=72000072;CN=9021;CmdFlag=1;CP=&&VER=720:VER1.1 2016-06-11 01:12:59;Mode=1&&1A0A
2016-07-11 14:22:43 757 [ReceiveMessage] ##0080ST=91;CN=9022;PW=12345;MN=72000072;CmdFlag=0;CP=&&QN=20160711142243743;Logon=1&&FB05

2016-07-11 14:23:23 768 [SendHeartbeat] ##0115QN=20160711142323763;ST=91;PW=123456;MN=72000072;CN=9021;CmdFlag=1;CP=&&VER=720:VER1.1 2016-06-11 01:12:59;Mode=1&&D70E
2016-07-11 14:23:23 771 [ReceiveMessage] ##0080ST=91;CN=9022;PW=12345;MN=72000072;CmdFlag=0;CP=&&QN=20160711142323763;Logon=1&&4550

2016-07-11 14:24:03 774 [SendHeartbeat] ##0115QN=20160711142403772;ST=91;PW=123456;MN=72000072;CN=9021;CmdFlag=1;CP=&&VER=720:VER1.1 2016-06-11 01:12:59;Mode=1&&9E96
2016-07-11 14:24:03 778 [ReceiveMessage] ##0080ST=91;CN=9022;PW=12345;MN=72000072;CmdFlag=0;CP=&&QN=20160711142403772;Logon=1&&7C5C

2016-07-11 14:24:24 196 [SendHeartbeat] ##0108QN=1234567890;ST=91;PW=123456;MN=72000072;CN=9021;CmdFlag=1;CP=&&VER=720:VER1.1 2016-06-11 01:12:59;Mode=1&&6577
2016-07-11 14:24:24 196 [ReceiveMessage] ##0073ST=91;CN=9022;PW=12345;MN=72000072;CmdFlag=0;CP=&&QN=1234567890;Logon=1&&65CA

2016-07-11 14:24:24 211 [ReceiveMessage] ##0088QN=20160711142424196;ST=32;CN=1012;PW=123456;MN=72000072;CmdFlag=1;CP=&&20160711142424&&F9CE

2016-07-11 14:24:24 227 [ResponseMessage] ##0074QN=20160711142424196;ST=32;CN=1012;PW=123456;MN=72000072;CmdFlag=0;CP=&&&&F2F9
2016-07-11 14:24:28 099 [SendHeartbeat] ##0115QN=20160711142428093;ST=91;PW=123456;MN=72000072;CN=9021;CmdFlag=1;CP=&&VER=720:VER1.1 2016-06-11 01:12:59;Mode=1&&AC8D
2016-07-11 14:24:28 114 [ReceiveMessage] ##0080ST=91;CN=9022;PW=12345;MN=72000072;CmdFlag=0;CP=&&QN=20160711142428093;Logon=1&&12FA

2016-07-11 14:26:04 807 [SendHeartbeat] ##0108QN=1234567890;ST=91;PW=123456;MN=72000072;CN=9021;CmdFlag=1;CP=&&VER=720:VER1.1 2016-06-11 01:12:59;Mode=1&&6577
2016-07-11 14:26:04 807 [ReceiveMessage] ##0073ST=91;CN=9022;PW=12345;MN=72000072;CmdFlag=0;CP=&&QN=1234567890;Logon=1&&65CA

2016-07-11 14:26:04 833 [ReceiveMessage] ##0088QN=20160711142604807;ST=32;CN=1012;PW=123456;MN=72000072;CmdFlag=1;CP=&&20160711142604&&B583

2016-07-11 14:26:04 837 [ResponseMessage] ##0074QN=20160711142604807;ST=32;CN=1012;PW=123456;MN=72000072;CmdFlag=0;CP=&&&&1CA2
2016-07-11 14:26:45 899 [SendHeartbeat] ##0115QN=20160711142645894;ST=91;PW=123456;MN=72000072;CN=9021;CmdFlag=1;CP=&&VER=720:VER1.1 2016-06-11 01:12:59;Mode=1&&3FCA
2016-07-11 14:26:45 917 [ReceiveMessage] ##0080ST=91;CN=9022;PW=12345;MN=72000072;CmdFlag=0;CP=&&QN=20160711142645894;Logon=1&&1C68

2016-07-11 14:26:45 922 [ReceiveMessage] ##0088QN=20160711142645909;ST=32;CN=1012;PW=123456;MN=72000072;CmdFlag=1;CP=&&20160711142645&&0A77

2016-07-11 14:26:45 927 [ResponseMessage] ##0074QN=20160711142645909;ST=32;CN=1012;PW=123456;MN=72000072;CmdFlag=0;CP=&&&&CB70
2016-07-11 14:28:23 126 [SendHeartbeat] ##0108QN=1234567890;ST=91;PW=123456;MN=72000072;CN=9021;CmdFlag=1;CP=&&VER=720:VER1.1 2016-06-11 01:12:59;Mode=1&&6577
2016-07-11 14:28:23 126 [ReceiveMessage] ##0073ST=91;CN=9022;PW=12345;MN=72000072;CmdFlag=0;CP=&&QN=1234567890;Logon=1&&65CA

2016-07-11 14:28:23 157 [ReceiveMessage] ##0088QN=20160711142823126;ST=32;CN=1012;PW=123456;MN=72000072;CmdFlag=1;CP=&&20160711142823&&5B86

2016-07-11 14:28:23 157 [ResponseMessage] ##0074QN=20160711142823126;ST=32;CN=1012;PW=123456;MN=72000072;CmdFlag=0;CP=&&&&25A6
2016-07-11 14:30:13 812 [SendHeartbeat] ##0108QN=1234567890;ST=91;PW=123456;MN=72000072;CN=9021;CmdFlag=1;CP=&&VER=720:VER1.1 2016-06-11 01:12:59;Mode=1&&6577
2016-07-11 14:30:13 830 [ReceiveMessage] ##0073ST=91;CN=9022;PW=12345;MN=72000072;CmdFlag=0;CP=&&QN=1234567890;Logon=1&&65CA

2016-07-11 14:30:13 846 [ReceiveMessage] ##0088QN=20160711143013828;ST=32;CN=1012;PW=123456;MN=72000072;CmdFlag=1;CP=&&20160711143013&&8503

2016-07-11 14:30:13 849 [ResponseMessage] ##0074QN=20160711143013828;ST=32;CN=1012;PW=123456;MN=72000072;CmdFlag=0;CP=&&&&499B
2016-07-11 14:30:23 631 [SendHeartbeat] ##0115QN=20160711143023616;ST=91;PW=123456;MN=72000072;CN=9021;CmdFlag=1;CP=&&VER=720:VER1.1 2016-06-11 01:12:59;Mode=1&&F268
2016-07-11 14:30:23 709 [ReceiveMessage] ##0080ST=91;CN=9022;PW=12345;MN=72000072;CmdFlag=0;CP=&&QN=20160711143023616;Logon=1&&B2B7
##0088QN=20160711142947757;ST=32;CN=1012;PW=123456;MN=72000072;CmdFlag=1;CP=&&20160711142947&&4FDF

2016-07-11 14:30:23 709 [ResponseMessage] ##0074QN=20160711142947757;ST=32;CN=1012;PW=123456;MN=72000072;CmdFlag=0;CP=&&&&0153
2016-07-11 14:30:31 347 [SendHeartbeat] ##0115QN=20160711143031342;ST=91;PW=123456;MN=72000072;CN=9021;CmdFlag=1;CP=&&VER=720:VER1.1 2016-06-11 01:12:59;Mode=1&&17B6
2016-07-11 14:30:31 383 [ReceiveMessage] ##0080ST=91;CN=9022;PW=12345;MN=72000072;CmdFlag=0;CP=&&QN=20160711143031342;Logon=1&&654C

2016-07-11 14:39:29 593 [SendHeartbeat] ##0108QN=1234567890;ST=91;PW=123456;MN=72000072;CN=9021;CmdFlag=1;CP=&&VER=720:VER1.1 2016-06-11 01:12:59;Mode=1&&6577
2016-07-11 14:39:29 642 [ReceiveMessage] ##0073ST=91;CN=9022;PW=12345;MN=72000072;CmdFlag=0;CP=&&QN=1234567890;Logon=1&&65CA

2016-07-11 14:39:29 642 [ReceiveMessage] ##0088QN=20160711143929642;ST=32;CN=1012;PW=123456;MN=72000072;CmdFlag=1;CP=&&20160711143929&&F3C0

2016-07-11 14:39:29 657 [ResponseMessage] ##0074QN=20160711143929642;ST=32;CN=1012;PW=123456;MN=72000072;CmdFlag=0;CP=&&&&CA5D
2016-07-11 14:39:57 011 [SendHeartbeat] ##0115QN=20160711143956995;ST=91;PW=123456;MN=72000072;CN=9021;CmdFlag=1;CP=&&VER=720:VER1.1 2016-06-11 01:12:59;Mode=1&&3D79
2016-07-11 14:39:57 026 [ReceiveMessage] ##0080ST=91;CN=9022;PW=12345;MN=72000072;CmdFlag=0;CP=&&QN=20160711143956995;Logon=1&&CC72

2016-07-11 14:39:57 049 [ReceiveMessage] ##0088QN=20160711143957026;ST=32;CN=1012;PW=123456;MN=72000072;CmdFlag=1;CP=&&20160711143957&&04A5

2016-07-11 14:39:57 056 [ResponseMessage] ##0074QN=20160711143957026;ST=32;CN=1012;PW=123456;MN=72000072;CmdFlag=0;CP=&&&&5A5F
2016-07-11 14:40:00 113 [SendHeartbeat] ##0115QN=20160711144000104;ST=91;PW=123456;MN=72000072;CN=9021;CmdFlag=1;CP=&&VER=720:VER1.1 2016-06-11 01:12:59;Mode=1&&B410
2016-07-11 14:40:00 124 [ReceiveMessage] ##0080ST=91;CN=9022;PW=12345;MN=72000072;CmdFlag=0;CP=&&QN=20160711144000104;Logon=1&&7CB8

2016-07-11 14:40:00 124 [ReceiveMessage] ##0088QN=20160711144000120;ST=32;CN=1012;PW=123456;MN=72000072;CmdFlag=1;CP=&&20160711144000&&0E08

2016-07-11 14:40:00 139 [ResponseMessage] ##0074QN=20160711144000120;ST=32;CN=1012;PW=123456;MN=72000072;CmdFlag=0;CP=&&&&7C6F
2016-07-11 14:40:40 124 [SendHeartbeat] ##0115QN=20160711144040119;ST=91;PW=123456;MN=72000072;CN=9021;CmdFlag=1;CP=&&VER=720:VER1.1 2016-06-11 01:12:59;Mode=1&&A54D
2016-07-11 14:40:40 144 [ReceiveMessage] ##0080ST=91;CN=9022;PW=12345;MN=72000072;CmdFlag=0;CP=&&QN=20160711144040119;Logon=1&&BED4

2016-07-11 14:41:20 136 [SendHeartbeat] ##0115QN=20160711144120133;ST=91;PW=123456;MN=72000072;CN=9021;CmdFlag=1;CP=&&VER=720:VER1.1 2016-06-11 01:12:59;Mode=1&&D0A4
2016-07-11 14:41:20 141 [ReceiveMessage] ##0080ST=91;CN=9022;PW=12345;MN=72000072;CmdFlag=0;CP=&&QN=20160711144120133;Logon=1&&2159

2016-07-11 14:42:00 156 [SendHeartbeat] ##0115QN=20160711144200148;ST=91;PW=123456;MN=72000072;CN=9021;CmdFlag=1;CP=&&VER=720:VER1.1 2016-06-11 01:12:59;Mode=1&&2789
2016-07-11 14:42:00 181 [ReceiveMessage] ##0080ST=91;CN=9022;PW=12345;MN=72000072;CmdFlag=0;CP=&&QN=20160711144200148;Logon=1&&3346

2016-07-11 14:42:40 163 [SendHeartbeat] ##0115QN=20160711144240161;ST=91;PW=123456;MN=72000072;CN=9021;CmdFlag=1;CP=&&VER=720:VER1.1 2016-06-11 01:12:59;Mode=1&&AA0E
2016-07-11 14:42:40 164 [ReceiveMessage] ##0080ST=91;CN=9022;PW=12345;MN=72000072;CmdFlag=0;CP=&&QN=20160711144240161;Logon=1&&E01E

2016-07-11 14:43:20 177 [SendHeartbeat] ##0115QN=20160711144320176;ST=91;PW=123456;MN=72000072;CN=9021;CmdFlag=1;CP=&&VER=720:VER1.1 2016-06-11 01:12:59;Mode=1&&4FFD
2016-07-11 14:43:20 185 [ReceiveMessage] ##0080ST=91;CN=9022;PW=12345;MN=72000072;CmdFlag=0;CP=&&QN=20160711144320176;Logon=1&&403B

2016-07-11 14:44:00 195 [SendHeartbeat] ##0115QN=20160711144400190;ST=91;PW=123456;MN=72000072;CN=9021;CmdFlag=1;CP=&&VER=720:VER1.1 2016-06-11 01:12:59;Mode=1&&990E
2016-07-11 14:44:00 205 [ReceiveMessage] ##0080ST=91;CN=9022;PW=12345;MN=72000072;CmdFlag=0;CP=&&QN=20160711144400190;Logon=1&&7757

2016-07-11 14:44:40 207 [SendHeartbeat] ##0115QN=20160711144440205;ST=91;PW=123456;MN=72000072;CN=9021;CmdFlag=1;CP=&&VER=720:VER1.1 2016-06-11 01:12:59;Mode=1&&84BD
2016-07-11 14:44:40 210 [ReceiveMessage] ##0080ST=91;CN=9022;PW=12345;MN=72000072;CmdFlag=0;CP=&&QN=20160711144440205;Logon=1&&7B47

2016-07-11 14:45:20 219 [SendHeartbeat] ##0115QN=20160711144520218;ST=91;PW=123456;MN=72000072;CN=9021;CmdFlag=1;CP=&&VER=720:VER1.1 2016-06-11 01:12:59;Mode=1&&D9A3
2016-07-11 14:45:20 219 [ReceiveMessage] ##0080ST=91;CN=9022;PW=12345;MN=72000072;CmdFlag=0;CP=&&QN=20160711144520218;Logon=1&&FABA

2016-07-11 14:46:00 237 [SendHeartbeat] ##0115QN=20160711144600233;ST=91;PW=123456;MN=72000072;CN=9021;CmdFlag=1;CP=&&VER=720:VER1.1 2016-06-11 01:12:59;Mode=1&&5917
2016-07-11 14:46:00 241 [ReceiveMessage] ##0080ST=91;CN=9022;PW=12345;MN=72000072;CmdFlag=0;CP=&&QN=20160711144600233;Logon=1&&E4A9

2016-07-11 14:46:40 251 [SendHeartbeat] ##0115QN=20160711144640247;ST=91;PW=123456;MN=72000072;CN=9021;CmdFlag=1;CP=&&VER=720:VER1.1 2016-06-11 01:12:59;Mode=1&&1E64
2016-07-11 14:46:40 252 [ReceiveMessage] ##0080ST=91;CN=9022;PW=12345;MN=72000072;CmdFlag=0;CP=&&QN=20160711144640247;Logon=1&&0051

2016-07-11 14:47:20 265 [SendHeartbeat] ##0115QN=20160711144720261;ST=91;PW=123456;MN=72000072;CN=9021;CmdFlag=1;CP=&&VER=720:VER1.1 2016-06-11 01:12:59;Mode=1&&BB3B
2016-07-11 14:47:20 273 [ReceiveMessage] ##0080ST=91;CN=9022;PW=12345;MN=72000072;CmdFlag=0;CP=&&QN=20160711144720261;Logon=1&&A08C

2016-07-11 14:48:00 285 [SendHeartbeat] ##0115QN=20160711144800283;ST=91;PW=123456;MN=72000072;CN=9021;CmdFlag=1;CP=&&VER=720:VER1.1 2016-06-11 01:12:59;Mode=1&&6749
2016-07-11 14:48:00 285 [ReceiveMessage] ##0080ST=91;CN=9022;PW=12345;MN=72000072;CmdFlag=0;CP=&&QN=20160711144800283;Logon=1&&8516

2016-07-11 14:48:40 291 [SendHeartbeat] ##0115QN=20160711144840290;ST=91;PW=123456;MN=72000072;CN=9021;CmdFlag=1;CP=&&VER=720:VER1.1 2016-06-11 01:12:59;Mode=1&&7F54
2016-07-11 14:48:40 295 [ReceiveMessage] ##0080ST=91;CN=9022;PW=12345;MN=72000072;CmdFlag=0;CP=&&QN=20160711144840290;Logon=1&&7392

2016-07-11 14:49:20 306 [SendHeartbeat] ##0115QN=20160711144920304;ST=91;PW=123456;MN=72000072;CN=9021;CmdFlag=1;CP=&&VER=720:VER1.1 2016-06-11 01:12:59;Mode=1&&98A9
2016-07-11 14:49:20 311 [ReceiveMessage] ##0080ST=91;CN=9022;PW=12345;MN=72000072;CmdFlag=0;CP=&&QN=20160711144920304;Logon=1&&3FAD

2016-07-11 14:50:00 321 [SendHeartbeat] ##0115QN=20160711145000319;ST=91;PW=123456;MN=72000072;CN=9021;CmdFlag=1;CP=&&VER=720:VER1.1 2016-06-11 01:12:59;Mode=1&&A4E8
2016-07-11 14:50:00 327 [ReceiveMessage] ##0080ST=91;CN=9022;PW=12345;MN=72000072;CmdFlag=0;CP=&&QN=20160711145000319;Logon=1&&EC05

2016-07-11 14:50:40 338 [SendHeartbeat] ##0115QN=20160711145040338;ST=91;PW=123456;MN=72000072;CN=9021;CmdFlag=1;CP=&&VER=720:VER1.1 2016-06-11 01:12:59;Mode=1&&4874
2016-07-11 14:50:40 338 [ReceiveMessage] ##0080ST=91;CN=9022;PW=12345;MN=72000072;CmdFlag=0;CP=&&QN=20160711145040338;Logon=1&&153D

2016-07-11 14:51:20 358 [SendHeartbeat] ##0115QN=20160711145120347;ST=91;PW=123456;MN=72000072;CN=9021;CmdFlag=1;CP=&&VER=720:VER1.1 2016-06-11 01:12:59;Mode=1&&9672
2016-07-11 14:51:20 428 [ReceiveMessage] ##0080ST=91;CN=9022;PW=12345;MN=72000072;CmdFlag=0;CP=&&QN=20160711145120347;Logon=1&&9770
##0088QN=20160711145044479;ST=32;CN=1012;PW=123456;MN=72000072;CmdFlag=1;CP=&&20160711145044&&BB1E

2016-07-11 14:51:20 445 [ResponseMessage] ##0074QN=20160711145044479;ST=32;CN=1012;PW=123456;MN=72000072;CmdFlag=0;CP=&&&&E643
2016-07-11 14:52:00 362 [SendHeartbeat] ##0115QN=20160711145200361;ST=91;PW=123456;MN=72000072;CN=9021;CmdFlag=1;CP=&&VER=720:VER1.1 2016-06-11 01:12:59;Mode=1&&ABAB
2016-07-11 14:52:00 384 [ReceiveMessage] ##0080ST=91;CN=9022;PW=12345;MN=72000072;CmdFlag=0;CP=&&QN=20160711145200361;Logon=1&&B2CF

2016-07-11 14:52:53 648 [SendHeartbeat] ##0108QN=1234567890;ST=91;PW=123456;MN=72000072;CN=9021;CmdFlag=1;CP=&&VER=720:VER1.1 2016-06-11 01:12:59;Mode=1&&6577
2016-07-11 14:52:53 655 [ReceiveMessage] ##0073ST=91;CN=9022;PW=12345;MN=72000072;CmdFlag=0;CP=&&QN=1234567890;Logon=1&&65CA

2016-07-11 14:52:53 673 [ReceiveMessage] ##0088QN=20160711145253652;ST=32;CN=1012;PW=123456;MN=72000072;CmdFlag=1;CP=&&20160711145253&&767B

2016-07-11 14:52:53 676 [ResponseMessage] ##0074QN=20160711145253652;ST=32;CN=1012;PW=123456;MN=72000072;CmdFlag=0;CP=&&&&9EA2
2016-07-11 14:53:33 650 [SendHeartbeat] ##0115QN=20160711145333650;ST=91;PW=123456;MN=72000072;CN=9021;CmdFlag=1;CP=&&VER=720:VER1.1 2016-06-11 01:12:59;Mode=1&&4F83
2016-07-11 14:53:33 650 [ReceiveMessage] ##0080ST=91;CN=9022;PW=12345;MN=72000072;CmdFlag=0;CP=&&QN=20160711145333650;Logon=1&&3FA0

2016-07-11 14:53:33 667 [ReceiveMessage] ##0088QN=20160711145333650;ST=32;CN=1012;PW=123456;MN=72000072;CmdFlag=1;CP=&&20160711145333&&EE4B

2016-07-11 14:53:33 667 [ResponseMessage] ##0074QN=20160711145333650;ST=32;CN=1012;PW=123456;MN=72000072;CmdFlag=0;CP=&&&&2AAE
2016-07-11 14:54:13 667 [SendHeartbeat] ##0115QN=20160711145413664;ST=91;PW=123456;MN=72000072;CN=9021;CmdFlag=1;CP=&&VER=720:VER1.1 2016-06-11 01:12:59;Mode=1&&EDF7
2016-07-11 14:54:13 667 [ReceiveMessage] ##0080ST=91;CN=9022;PW=12345;MN=72000072;CmdFlag=0;CP=&&QN=20160711145413664;Logon=1&&EEA7

2016-07-11 14:54:53 680 [SendHeartbeat] ##0115QN=20160711145453678;ST=91;PW=123456;MN=72000072;CN=9021;CmdFlag=1;CP=&&VER=720:VER1.1 2016-06-11 01:12:59;Mode=1&&9171
2016-07-11 14:54:53 684 [ReceiveMessage] ##0080ST=91;CN=9022;PW=12345;MN=72000072;CmdFlag=0;CP=&&QN=20160711145453678;Logon=1&&2837

2016-07-11 14:55:33 695 [SendHeartbeat] ##0115QN=20160711145533693;ST=91;PW=123456;MN=72000072;CN=9021;CmdFlag=1;CP=&&VER=720:VER1.1 2016-06-11 01:12:59;Mode=1&&3EDF
2016-07-11 14:55:33 701 [ReceiveMessage] ##0080ST=91;CN=9022;PW=12345;MN=72000072;CmdFlag=0;CP=&&QN=20160711145533693;Logon=1&&A356

2016-07-11 14:56:13 712 [SendHeartbeat] ##0115QN=20160711145613707;ST=91;PW=123456;MN=72000072;CN=9021;CmdFlag=1;CP=&&VER=720:VER1.1 2016-06-11 01:12:59;Mode=1&&41A4
2016-07-11 14:56:13 719 [ReceiveMessage] ##0080ST=91;CN=9022;PW=12345;MN=72000072;CmdFlag=0;CP=&&QN=20160711145613707;Logon=1&&6A0B

2016-07-11 14:56:53 723 [SendHeartbeat] ##0115QN=20160711145653721;ST=91;PW=123456;MN=72000072;CN=9021;CmdFlag=1;CP=&&VER=720:VER1.1 2016-06-11 01:12:59;Mode=1&&A8B8
2016-07-11 14:56:53 740 [ReceiveMessage] ##0080ST=91;CN=9022;PW=12345;MN=72000072;CmdFlag=0;CP=&&QN=20160711145653721;Logon=1&&8947

2016-07-11 14:57:33 739 [SendHeartbeat] ##0115QN=20160711145733735;ST=91;PW=123456;MN=72000072;CN=9021;CmdFlag=1;CP=&&VER=720:VER1.1 2016-06-11 01:12:59;Mode=1&&F966
2016-07-11 14:57:33 751 [ReceiveMessage] ##0080ST=91;CN=9022;PW=12345;MN=72000072;CmdFlag=0;CP=&&QN=20160711145733735;Logon=1&&2626

2016-07-11 14:58:14 469 [SendHeartbeat] ##0108QN=1234567890;ST=91;PW=123456;MN=72000072;CN=9021;CmdFlag=1;CP=&&VER=720:VER1.1 2016-06-11 01:12:59;Mode=1&&6577
2016-07-11 14:58:14 485 [ReceiveMessage] ##0073ST=91;CN=9022;PW=12345;MN=72000072;CmdFlag=0;CP=&&QN=1234567890;Logon=1&&65CA

2016-07-11 14:58:14 505 [ReceiveMessage] ##0088QN=20160711145814485;ST=32;CN=1012;PW=123456;MN=72000072;CmdFlag=1;CP=&&20160711145814&&B4DE

2016-07-11 14:58:14 505 [ResponseMessage] ##0074QN=20160711145814485;ST=32;CN=1012;PW=123456;MN=72000072;CmdFlag=0;CP=&&&&3C54
2016-07-11 14:59:03 239 [SendHeartbeat] ##0108QN=1234567890;ST=91;PW=123456;MN=72000072;CN=9021;CmdFlag=1;CP=&&VER=720:VER1.1 2016-06-11 01:12:59;Mode=1&&6577
2016-07-11 14:59:03 255 [ReceiveMessage] ##0073ST=91;CN=9022;PW=12345;MN=72000072;CmdFlag=0;CP=&&QN=1234567890;Logon=1&&65CA

2016-07-11 14:59:03 288 [ReceiveMessage] ##0088QN=20160711145903239;ST=32;CN=1012;PW=123456;MN=72000072;CmdFlag=1;CP=&&20160711145903&&2B9E

2016-07-11 14:59:03 288 [ResponseMessage] ##0074QN=20160711145903239;ST=32;CN=1012;PW=123456;MN=72000072;CmdFlag=0;CP=&&&&CA1F
2016-07-11 14:59:29 479 [SendHeartbeat] ##0115QN=20160711145929473;ST=91;PW=123456;MN=72000072;CN=9021;CmdFlag=1;CP=&&VER=720:VER1.1 2016-06-11 01:12:59;Mode=1&&2377
2016-07-11 14:59:29 491 [ReceiveMessage] ##0080ST=91;CN=9022;PW=12345;MN=72000072;CmdFlag=0;CP=&&QN=20160711145929473;Logon=1&&83CC

2016-07-11 14:59:29 498 [ReceiveMessage] ##0088QN=20160711145929486;ST=32;CN=1012;PW=123456;MN=72000072;CmdFlag=1;CP=&&20160711145929&&84E2

2016-07-11 14:59:29 504 [ResponseMessage] ##0074QN=20160711145929486;ST=32;CN=1012;PW=123456;MN=72000072;CmdFlag=0;CP=&&&&2437
2016-07-11 14:59:43 239 [SendHeartbeat] ##0115QN=20160711145943232;ST=91;PW=123456;MN=72000072;CN=9021;CmdFlag=1;CP=&&VER=720:VER1.1 2016-06-11 01:12:59;Mode=1&&ED25
2016-07-11 14:59:43 260 [ReceiveMessage] ##0080ST=91;CN=9022;PW=12345;MN=72000072;CmdFlag=0;CP=&&QN=20160711145943232;Logon=1&&F331

2016-07-11 14:59:43 264 [ReceiveMessage] ##0088QN=20160711145943254;ST=32;CN=1012;PW=123456;MN=72000072;CmdFlag=1;CP=&&20160711145943&&CB2F

2016-07-11 14:59:43 268 [ResponseMessage] ##0074QN=20160711145943254;ST=32;CN=1012;PW=123456;MN=72000072;CmdFlag=0;CP=&&&&C652
2016-07-11 15:00:23 249 [SendHeartbeat] ##0115QN=20160711150023246;ST=91;PW=123456;MN=72000072;CN=9021;CmdFlag=1;CP=&&VER=720:VER1.1 2016-06-11 01:12:59;Mode=1&&2983
2016-07-11 15:00:23 251 [ReceiveMessage] ##0080ST=91;CN=9022;PW=12345;MN=72000072;CmdFlag=0;CP=&&QN=20160711150023246;Logon=1&&1133

